Arguments: 
  C:\Program Files\nodejs\node.exe C:\Program Files (x86)\Yarn\bin\yarn.js

PATH: 
  C:\Program Files\Docker\Docker\Resources\bin;C:\Program Files (x86)\Common Files\Oracle\Java\javapath;C:\Program Files (x86)\Intel\iCLS Client\;C:\Program Files\Intel\iCLS Client\;C:\WINDOWS\system32;C:\WINDOWS;C:\WINDOWS\System32\Wbem;C:\WINDOWS\System32\WindowsPowerShell\v1.0\;C:\WINDOWS\System32\OpenSSH\;C:\Program Files (x86)\Intel\Intel(R) Management Engine Components\DAL;C:\Program Files\Intel\Intel(R) Management Engine Components\DAL;C:\Program Files (x86)\Intel\Intel(R) Management Engine Components\IPT;C:\Program Files\Intel\Intel(R) Management Engine Components\IPT;C:\Program Files\shacl-1.1.0\bin;C:\Program Files (x86)\Yarn\bin\;C:\Program Files\nodejs\;C:\Program Files (x86)\Windows Kits\8.1\Windows Performance Toolkit\;C:\Program Files\Git\cmd;C:\Users\me\.windows-build-tools\python27\;C:\Program Files\nodejs\node_modules\npm\node_modules\npm-lifecycle\node-gyp-bin;C:\Users\me\AppData\Roaming\npm\node_modules\windows-build-tools\node_modules\.bin;C:\Users\me\AppData\Roaming\npm\node_modules\.bin;C:\Program Files\Docker\Docker\Resources\bin;C:\Program Files (x86)\Common Files\Oracle\Java\javapath;C:\Program Files (x86)\Intel\iCLS Client\;C:\Program Files\Intel\iCLS Client\;C:\WINDOWS\system32;C:\WINDOWS;C:\WINDOWS\System32\Wbem;C:\WINDOWS\System32\WindowsPowerShell\v1.0\;C:\WINDOWS\System32\OpenSSH\;C:\Program Files (x86)\Intel\Intel(R) Management Engine Components\DAL;C:\Program Files\Intel\Intel(R) Management Engine Components\DAL;C:\Program Files (x86)\Intel\Intel(R) Management Engine Components\IPT;C:\Program Files\Intel\Intel(R) Management Engine Components\IPT;C:\Program Files\Git\cmd;C:\Program Files\shacl-1.1.0\bin;C:\Program Files (x86)\Yarn\bin\;C:\Program Files\nodejs\;C:\Users\me\AppData\Local\Microsoft\WindowsApps;C:\Users\me\AppData\Local\Yarn\bin;C:\Users\me\AppData\Roaming\npm;C:\Users\me\AppData\Local\Programs\Microsoft VS Code\bin

Yarn version: 
  1.9.4

Node version: 
  8.11.3

Platform: 
  win32 x64

Trace: 
  SyntaxError: C:\Users\me\Documents\rdfa-parser\package.json: Unexpected token } in JSON at position 1024
      at JSON.parse (<anonymous>)
      at C:\Program Files (x86)\Yarn\lib\cli.js:1130:59
      at Generator.next (<anonymous>)
      at step (C:\Program Files (x86)\Yarn\lib\cli.js:92:30)
      at C:\Program Files (x86)\Yarn\lib\cli.js:103:13
      at <anonymous>

npm manifest: 
  {
    "name": "rdfa-parser",
    "version": "0.0.1",
    "description": "A parser for RDFa",
    "main": "index.js",
    "repository": "https://github.com/factsmission/rdfa-parser",
    "author": "Noam Bachmann",
    "license": "MIT",
    "private": true,
    "scripts": {
      "test": "node_modules/.bin/mocha",
      "start": "webpack-dev-server --hot --inline --content-base examples --host 0.0.0.0",
      "build": "cross-var \"webpack -p && ncp distribution/latest distribution/$npm_package_version\""
    },
    "dependencies": {
      "@rdfjs/data-model": "^1.1.0"
    },
    "devDependencies": {
      "babel-core": "^6.26.3",
      "babel-loader": "^7.1.5",
      "babel-plugin-add-module-exports": "^1.0.0",
      "babel-preset-env": "^1.7.0",
      "cross-var": "^1.1.0",
      "express": "^4.16.3",
      "fetch": "^1.1.0",
      "html-webpack-plugin": "^3.2.0",
      "http": "^0.0.0",
      "mocha": "^5.2.0",
      "ncp": "^2.0.0",
      "style-loader": "^0.23.0",
      "uglifyjs-webpack-plugin": "^2.0.1",
      "webpack": "^4.20.2",
      "webpack-cli": "^3.1.1",
      
  }

yarn manifest: 
  No manifest

Lockfile: 
  # THIS IS AN AUTOGENERATED FILE. DO NOT EDIT THIS FILE DIRECTLY.
  # yarn lockfile v1
  
  
  "@rdfjs/data-model@^1.1.0":
    version "1.1.0"
    resolved "https://registry.yarnpkg.com/@rdfjs/data-model/-/data-model-1.1.0.tgz#15d9c5b7b8166893696565aefb65bad95da3fd99"
